[0.053s] Invoking command in '/home/lamps-xe3/ros2_ws/build/two_camera': CMAKE_PREFIX_PATH=/opt/ros/humble /usr/bin/cmake /home/lamps-xe3/ros2_ws/src/two_camera -DCMAKE_INSTALL_PREFIX=/home/lamps-xe3/ros2_ws/install/two_camera
[2.299s] -- The C compiler identification is GNU 11.4.0
[3.745s] -- The CXX compiler identification is GNU 11.4.0
[3.810s] -- Detecting C compiler ABI info
[4.242s] -- Detecting C compiler ABI info - done
[4.270s] -- Check for working C compiler: /usr/bin/cc - skipped
[4.278s] -- Detecting C compile features
[4.283s] -- Detecting C compile features - done
[4.303s] -- Detecting CXX compiler ABI info
[4.682s] -- Detecting CXX compiler ABI info - done
[4.709s] -- Check for working CXX compiler: /usr/bin/c++ - skipped
[4.711s] -- Detecting CXX compile features
[4.712s] -- Detecting CXX compile features - done
[4.735s] -- Found ament_cmake: 1.3.10 (/opt/ros/humble/share/ament_cmake/cmake)
[5.485s] -- Found Python3: /usr/bin/python3 (found version "3.10.12") found components: Interpreter 
[6.083s] -- Found rclcpp: 16.0.10 (/opt/ros/humble/share/rclcpp/cmake)
[6.406s] -- Found rosidl_generator_c: 3.1.5 (/opt/ros/humble/share/rosidl_generator_c/cmake)
[6.447s] -- Found rosidl_adapter: 3.1.5 (/opt/ros/humble/share/rosidl_adapter/cmake)
[6.502s] -- Found rosidl_generator_cpp: 3.1.5 (/opt/ros/humble/share/rosidl_generator_cpp/cmake)
[6.571s] -- Using all available rosidl_typesupport_c: rosidl_typesupport_fastrtps_c;rosidl_typesupport_introspection_c
[6.667s] -- Using all available rosidl_typesupport_cpp: rosidl_typesupport_fastrtps_cpp;rosidl_typesupport_introspection_cpp
[6.936s] -- Found rmw_implementation_cmake: 6.1.2 (/opt/ros/humble/share/rmw_implementation_cmake/cmake)
[6.957s] -- Found rmw_fastrtps_cpp: 6.2.7 (/opt/ros/humble/share/rmw_fastrtps_cpp/cmake)
[7.576s] -- Found OpenSSL: /usr/lib/aarch64-linux-gnu/libcrypto.so (found version "3.0.2")  
[7.833s] -- Found FastRTPS: /opt/ros/humble/include  
[8.245s] -- Using RMW implementation 'rmw_fastrtps_cpp' as default
[8.358s] -- Looking for pthread.h
[8.757s] -- Looking for pthread.h - found
[8.759s] -- Performing Test CMAKE_HAVE_LIBC_PTHREAD
[9.125s] -- Performing Test CMAKE_HAVE_LIBC_PTHREAD - Success
[9.130s] -- Found Threads: TRUE  
[9.419s] -- Found ament_lint_auto: 0.12.11 (/opt/ros/humble/share/ament_lint_auto/cmake)
[9.845s] -- Added test 'cppcheck' to perform static code analysis on C / C++ code
[9.846s] -- Configured cppcheck include dirs: 
[9.846s] -- Configured cppcheck exclude dirs and/or files: 
[9.850s] -- Added test 'lint_cmake' to check CMake code style
[9.859s] -- Added test 'uncrustify' to check C / C++ code style
[9.860s] -- Configured uncrustify additional arguments: 
[9.862s] -- Added test 'xmllint' to check XML markup files
[9.869s] -- Configuring done
[9.903s] -- Generating done
[9.910s] -- Build files have been written to: /home/lamps-xe3/ros2_ws/build/two_camera
[9.943s] Invoked command in '/home/lamps-xe3/ros2_ws/build/two_camera' returned '0': CMAKE_PREFIX_PATH=/opt/ros/humble /usr/bin/cmake /home/lamps-xe3/ros2_ws/src/two_camera -DCMAKE_INSTALL_PREFIX=/home/lamps-xe3/ros2_ws/install/two_camera
[9.954s] Invoking command in '/home/lamps-xe3/ros2_ws/build/two_camera': CMAKE_PREFIX_PATH=/opt/ros/humble /usr/bin/cmake --build /home/lamps-xe3/ros2_ws/build/two_camera -- -j4 -l4
[10.110s] Invoked command in '/home/lamps-xe3/ros2_ws/build/two_camera' returned '0': CMAKE_PREFIX_PATH=/opt/ros/humble /usr/bin/cmake --build /home/lamps-xe3/ros2_ws/build/two_camera -- -j4 -l4
[10.249s] Invoking command in '/home/lamps-xe3/ros2_ws/build/two_camera': CMAKE_PREFIX_PATH=/opt/ros/humble /usr/bin/cmake --install /home/lamps-xe3/ros2_ws/build/two_camera
[10.276s] -- Install configuration: ""
[10.277s] -- Installing: /home/lamps-xe3/ros2_ws/install/two_camera/share/ament_index/resource_index/package_run_dependencies/two_camera
[10.279s] -- Installing: /home/lamps-xe3/ros2_ws/install/two_camera/share/ament_index/resource_index/parent_prefix_path/two_camera
[10.280s] -- Installing: /home/lamps-xe3/ros2_ws/install/two_camera/share/two_camera/environment/ament_prefix_path.sh
[10.281s] -- Installing: /home/lamps-xe3/ros2_ws/install/two_camera/share/two_camera/environment/ament_prefix_path.dsv
[10.283s] -- Installing: /home/lamps-xe3/ros2_ws/install/two_camera/share/two_camera/environment/path.sh
[10.284s] -- Installing: /home/lamps-xe3/ros2_ws/install/two_camera/share/two_camera/environment/path.dsv
[10.285s] -- Installing: /home/lamps-xe3/ros2_ws/install/two_camera/share/two_camera/local_setup.bash
[10.286s] -- Installing: /home/lamps-xe3/ros2_ws/install/two_camera/share/two_camera/local_setup.sh
[10.287s] -- Installing: /home/lamps-xe3/ros2_ws/install/two_camera/share/two_camera/local_setup.zsh
[10.288s] -- Installing: /home/lamps-xe3/ros2_ws/install/two_camera/share/two_camera/local_setup.dsv
[10.290s] -- Installing: /home/lamps-xe3/ros2_ws/install/two_camera/share/two_camera/package.dsv
[10.291s] -- Installing: /home/lamps-xe3/ros2_ws/install/two_camera/share/ament_index/resource_index/packages/two_camera
[10.293s] -- Installing: /home/lamps-xe3/ros2_ws/install/two_camera/share/two_camera/cmake/two_cameraConfig.cmake
[10.294s] -- Installing: /home/lamps-xe3/ros2_ws/install/two_camera/share/two_camera/cmake/two_cameraConfig-version.cmake
[10.295s] -- Installing: /home/lamps-xe3/ros2_ws/install/two_camera/share/two_camera/package.xml
[10.301s] Invoked command in '/home/lamps-xe3/ros2_ws/build/two_camera' returned '0': CMAKE_PREFIX_PATH=/opt/ros/humble /usr/bin/cmake --install /home/lamps-xe3/ros2_ws/build/two_camera
