[0.049s] Invoking command in '/home/lamps-xe3/ros2_ws/build/two_camera': CMAKE_PREFIX_PATH=${CMAKE_PREFIX_PATH}:/opt/ros/humble /usr/bin/cmake --build /home/lamps-xe3/ros2_ws/build/two_camera -- -j4 -l4
[0.216s] Invoked command in '/home/lamps-xe3/ros2_ws/build/two_camera' returned '0': CMAKE_PREFIX_PATH=${CMAKE_PREFIX_PATH}:/opt/ros/humble /usr/bin/cmake --build /home/lamps-xe3/ros2_ws/build/two_camera -- -j4 -l4
[0.359s] Invoking command in '/home/lamps-xe3/ros2_ws/build/two_camera': CMAKE_PREFIX_PATH=${CMAKE_PREFIX_PATH}:/opt/ros/humble /usr/bin/cmake --install /home/lamps-xe3/ros2_ws/build/two_camera
[0.387s] -- Install configuration: ""
[0.387s] -- Up-to-date: /home/lamps-xe3/ros2_ws/install/two_camera/share/ament_index/resource_index/package_run_dependencies/two_camera
[0.388s] -- Up-to-date: /home/lamps-xe3/ros2_ws/install/two_camera/share/ament_index/resource_index/parent_prefix_path/two_camera
[0.388s] -- Up-to-date: /home/lamps-xe3/ros2_ws/install/two_camera/share/two_camera/environment/ament_prefix_path.sh
[0.389s] -- Up-to-date: /home/lamps-xe3/ros2_ws/install/two_camera/share/two_camera/environment/ament_prefix_path.dsv
[0.389s] -- Up-to-date: /home/lamps-xe3/ros2_ws/install/two_camera/share/two_camera/environment/path.sh
[0.390s] -- Up-to-date: /home/lamps-xe3/ros2_ws/install/two_camera/share/two_camera/environment/path.dsv
[0.390s] -- Up-to-date: /home/lamps-xe3/ros2_ws/install/two_camera/share/two_camera/local_setup.bash
[0.390s] -- Up-to-date: /home/lamps-xe3/ros2_ws/install/two_camera/share/two_camera/local_setup.sh
[0.391s] -- Up-to-date: /home/lamps-xe3/ros2_ws/install/two_camera/share/two_camera/local_setup.zsh
[0.391s] -- Up-to-date: /home/lamps-xe3/ros2_ws/install/two_camera/share/two_camera/local_setup.dsv
[0.392s] -- Installing: /home/lamps-xe3/ros2_ws/install/two_camera/share/two_camera/package.dsv
[0.392s] -- Up-to-date: /home/lamps-xe3/ros2_ws/install/two_camera/share/ament_index/resource_index/packages/two_camera
[0.393s] -- Up-to-date: /home/lamps-xe3/ros2_ws/install/two_camera/share/two_camera/cmake/two_cameraConfig.cmake
[0.394s] -- Up-to-date: /home/lamps-xe3/ros2_ws/install/two_camera/share/two_camera/cmake/two_cameraConfig-version.cmake
[0.394s] -- Up-to-date: /home/lamps-xe3/ros2_ws/install/two_camera/share/two_camera/package.xml
[0.399s] Invoked command in '/home/lamps-xe3/ros2_ws/build/two_camera' returned '0': CMAKE_PREFIX_PATH=${CMAKE_PREFIX_PATH}:/opt/ros/humble /usr/bin/cmake --install /home/lamps-xe3/ros2_ws/build/two_camera
