[0.445s] DEBUG:colcon:Command line arguments: ['/usr/bin/colcon', 'build']
[0.446s] DEBUG:colcon:Parsed command line arguments: Namespace(log_base=None, log_level=None, verb_name='build', build_base='build', install_base='install', merge_install=False, symlink_install=False, test_result_base=None, continue_on_error=False, executor='parallel', parallel_workers=4, event_handlers=None, ignore_user_meta=False, metas=['./colcon.meta'], base_paths=['.'], packages_ignore=None, packages_ignore_regex=None, paths=None, packages_up_to=None, packages_up_to_regex=None, packages_above=None, packages_above_and_dependencies=None, packages_above_depth=None, packages_select_by_dep=None, packages_skip_by_dep=None, packages_skip_up_to=None, packages_select_build_failed=False, packages_skip_build_finished=False, packages_select_test_failures=False, packages_skip_test_passed=False, packages_select=None, packages_skip=None, packages_select_regex=None, packages_skip_regex=None, packages_start=None, packages_end=None, allow_overriding=[], cmake_args=None, cmake_target=None, cmake_target_skip_unavailable=False, cmake_clean_cache=False, cmake_clean_first=False, cmake_force_configure=False, ament_cmake_args=None, catkin_cmake_args=None, catkin_skip_building_tests=False, verb_parser=<colcon_defaults.argument_parser.defaults.DefaultArgumentsDecorator object at 0xffff9f8df9a0>, verb_extension=<colcon_core.verb.build.BuildVerb object at 0xffff9f8df550>, main=<bound method BuildVerb.main of <colcon_core.verb.build.BuildVerb object at 0xffff9f8df550>>)
[1.230s] Level 1:colcon.colcon_core.package_discovery:discover_packages(colcon_meta) check parameters
[1.230s] Level 1:colcon.colcon_core.package_discovery:discover_packages(recursive) check parameters
[1.230s] Level 1:colcon.colcon_core.package_discovery:discover_packages(ignore) check parameters
[1.231s] Level 1:colcon.colcon_core.package_discovery:discover_packages(path) check parameters
[1.231s] Level 1:colcon.colcon_core.package_discovery:discover_packages(colcon_meta) discover
[1.231s] Level 1:colcon.colcon_core.package_discovery:discover_packages(recursive) discover
[1.231s] INFO:colcon.colcon_core.package_discovery:Crawling recursively for packages in '/home/lamps-xe3/ros2_ws'
[1.232s] Level 1:colcon.colcon_core.package_identification:_identify(.) by extensions ['ignore', 'ignore_ament_install']
[1.232s] Level 1:colcon.colcon_core.package_identification:_identify(.) by extension 'ignore'
[1.232s] Level 1:colcon.colcon_core.package_identification:_identify(.) by extension 'ignore_ament_install'
[1.233s] Level 1:colcon.colcon_core.package_identification:_identify(.) by extensions ['colcon_pkg']
[1.233s] Level 1:colcon.colcon_core.package_identification:_identify(.) by extension 'colcon_pkg'
[1.233s] Level 1:colcon.colcon_core.package_identification:_identify(.) by extensions ['colcon_meta']
[1.233s] Level 1:colcon.colcon_core.package_identification:_identify(.) by extension 'colcon_meta'
[1.233s] Level 1:colcon.colcon_core.package_identification:_identify(.) by extensions ['ros']
[1.234s] Level 1:colcon.colcon_core.package_identification:_identify(.) by extension 'ros'
[1.278s] Level 1:colcon.colcon_core.package_identification:_identify(.) by extensions ['cmake', 'python']
[1.278s] Level 1:colcon.colcon_core.package_identification:_identify(.) by extension 'cmake'
[1.279s] Level 1:colcon.colcon_core.package_identification:_identify(.) by extension 'python'
[1.279s] Level 1:colcon.colcon_core.package_identification:_identify(.) by extensions ['python_setup_py']
[1.279s] Level 1:colcon.colcon_core.package_identification:_identify(.) by extension 'python_setup_py'
[1.280s] Level 1:colcon.colcon_core.package_identification:_identify(build) by extensions ['ignore', 'ignore_ament_install']
[1.280s] Level 1:colcon.colcon_core.package_identification:_identify(build) by extension 'ignore'
[1.280s] Level 1:colcon.colcon_core.package_identification:_identify(build) ignored
[1.281s] Level 1:colcon.colcon_core.package_identification:_identify(install) by extensions ['ignore', 'ignore_ament_install']
[1.281s] Level 1:colcon.colcon_core.package_identification:_identify(install) by extension 'ignore'
[1.281s] Level 1:colcon.colcon_core.package_identification:_identify(install) ignored
[1.282s] Level 1:colcon.colcon_core.package_identification:_identify(log) by extensions ['ignore', 'ignore_ament_install']
[1.282s] Level 1:colcon.colcon_core.package_identification:_identify(log) by extension 'ignore'
[1.282s] Level 1:colcon.colcon_core.package_identification:_identify(log) ignored
[1.283s] Level 1:colcon.colcon_core.package_identification:_identify(src) by extensions ['ignore', 'ignore_ament_install']
[1.283s] Level 1:colcon.colcon_core.package_identification:_identify(src) by extension 'ignore'
[1.283s] Level 1:colcon.colcon_core.package_identification:_identify(src) by extension 'ignore_ament_install'
[1.284s] Level 1:colcon.colcon_core.package_identification:_identify(src) by extensions ['colcon_pkg']
[1.284s] Level 1:colcon.colcon_core.package_identification:_identify(src) by extension 'colcon_pkg'
[1.284s] Level 1:colcon.colcon_core.package_identification:_identify(src) by extensions ['colcon_meta']
[1.285s] Level 1:colcon.colcon_core.package_identification:_identify(src) by extension 'colcon_meta'
[1.285s] Level 1:colcon.colcon_core.package_identification:_identify(src) by extensions ['ros']
[1.285s] Level 1:colcon.colcon_core.package_identification:_identify(src) by extension 'ros'
[1.285s] Level 1:colcon.colcon_core.package_identification:_identify(src) by extensions ['cmake', 'python']
[1.285s] Level 1:colcon.colcon_core.package_identification:_identify(src) by extension 'cmake'
[1.286s] Level 1:colcon.colcon_core.package_identification:_identify(src) by extension 'python'
[1.286s] Level 1:colcon.colcon_core.package_identification:_identify(src) by extensions ['python_setup_py']
[1.286s] Level 1:colcon.colcon_core.package_identification:_identify(src) by extension 'python_setup_py'
[1.286s] Level 1:colcon.colcon_core.package_identification:_identify(src/sub_synch) by extensions ['ignore', 'ignore_ament_install']
[1.287s] Level 1:colcon.colcon_core.package_identification:_identify(src/sub_synch) by extension 'ignore'
[1.287s] Level 1:colcon.colcon_core.package_identification:_identify(src/sub_synch) by extension 'ignore_ament_install'
[1.287s] Level 1:colcon.colcon_core.package_identification:_identify(src/sub_synch) by extensions ['colcon_pkg']
[1.287s] Level 1:colcon.colcon_core.package_identification:_identify(src/sub_synch) by extension 'colcon_pkg'
[1.288s] Level 1:colcon.colcon_core.package_identification:_identify(src/sub_synch) by extensions ['colcon_meta']
[1.288s] Level 1:colcon.colcon_core.package_identification:_identify(src/sub_synch) by extension 'colcon_meta'
[1.288s] Level 1:colcon.colcon_core.package_identification:_identify(src/sub_synch) by extensions ['ros']
[1.288s] Level 1:colcon.colcon_core.package_identification:_identify(src/sub_synch) by extension 'ros'
[1.297s] DEBUG:colcon.colcon_core.package_identification:Package 'src/sub_synch' with type 'ros.ament_cmake' and name 'sub_synch'
[1.297s] Level 1:colcon.colcon_core.package_identification:_identify(src/two_camera) by extensions ['ignore', 'ignore_ament_install']
[1.298s] Level 1:colcon.colcon_core.package_identification:_identify(src/two_camera) by extension 'ignore'
[1.298s] Level 1:colcon.colcon_core.package_identification:_identify(src/two_camera) by extension 'ignore_ament_install'
[1.299s] Level 1:colcon.colcon_core.package_identification:_identify(src/two_camera) by extensions ['colcon_pkg']
[1.299s] Level 1:colcon.colcon_core.package_identification:_identify(src/two_camera) by extension 'colcon_pkg'
[1.299s] Level 1:colcon.colcon_core.package_identification:_identify(src/two_camera) by extensions ['colcon_meta']
[1.299s] Level 1:colcon.colcon_core.package_identification:_identify(src/two_camera) by extension 'colcon_meta'
[1.299s] Level 1:colcon.colcon_core.package_identification:_identify(src/two_camera) by extensions ['ros']
[1.299s] Level 1:colcon.colcon_core.package_identification:_identify(src/two_camera) by extension 'ros'
[1.307s] DEBUG:colcon.colcon_core.package_identification:Package 'src/two_camera' with type 'ros.ament_cmake' and name 'two_camera'
[1.308s] Level 1:colcon.colcon_core.package_discovery:discover_packages(recursive) using defaults
[1.308s] Level 1:colcon.colcon_core.package_discovery:discover_packages(ignore) discover
[1.308s] Level 1:colcon.colcon_core.package_discovery:discover_packages(ignore) using defaults
[1.308s] Level 1:colcon.colcon_core.package_discovery:discover_packages(path) discover
[1.308s] Level 1:colcon.colcon_core.package_discovery:discover_packages(path) using defaults
[1.383s] Level 1:colcon.colcon_core.package_discovery:discover_packages(prefix_path) check parameters
[1.383s] Level 1:colcon.colcon_core.package_discovery:discover_packages(prefix_path) discover
[1.391s] DEBUG:colcon.colcon_installed_package_information.package_discovery:Found 1 installed packages in /home/lamps-xe3/ros2_ws/install
[1.400s] DEBUG:colcon.colcon_installed_package_information.package_discovery:Found 270 installed packages in /opt/ros/humble
[1.406s] Level 1:colcon.colcon_core.package_discovery:discover_packages(prefix_path) using defaults
[1.618s] Level 5:colcon.colcon_core.verb:set package 'sub_synch' build argument 'cmake_args' from command line to 'None'
[1.618s] Level 5:colcon.colcon_core.verb:set package 'sub_synch' build argument 'cmake_target' from command line to 'None'
[1.619s] Level 5:colcon.colcon_core.verb:set package 'sub_synch' build argument 'cmake_target_skip_unavailable' from command line to 'False'
[1.619s] Level 5:colcon.colcon_core.verb:set package 'sub_synch' build argument 'cmake_clean_cache' from command line to 'False'
[1.619s] Level 5:colcon.colcon_core.verb:set package 'sub_synch' build argument 'cmake_clean_first' from command line to 'False'
[1.619s] Level 5:colcon.colcon_core.verb:set package 'sub_synch' build argument 'cmake_force_configure' from command line to 'False'
[1.619s] Level 5:colcon.colcon_core.verb:set package 'sub_synch' build argument 'ament_cmake_args' from command line to 'None'
[1.619s] Level 5:colcon.colcon_core.verb:set package 'sub_synch' build argument 'catkin_cmake_args' from command line to 'None'
[1.619s] Level 5:colcon.colcon_core.verb:set package 'sub_synch' build argument 'catkin_skip_building_tests' from command line to 'False'
[1.619s] DEBUG:colcon.colcon_core.verb:Building package 'sub_synch' with the following arguments: {'ament_cmake_args': None, 'build_base': '/home/lamps-xe3/ros2_ws/build/sub_synch', 'catkin_cmake_args': None, 'catkin_skip_building_tests': False, 'cmake_args': None, 'cmake_clean_cache': False, 'cmake_clean_first': False, 'cmake_force_configure': False, 'cmake_target': None, 'cmake_target_skip_unavailable': False, 'install_base': '/home/lamps-xe3/ros2_ws/install/sub_synch', 'merge_install': False, 'path': '/home/lamps-xe3/ros2_ws/src/sub_synch', 'symlink_install': False, 'test_result_base': None}
[1.621s] Level 5:colcon.colcon_core.verb:set package 'two_camera' build argument 'cmake_args' from command line to 'None'
[1.621s] Level 5:colcon.colcon_core.verb:set package 'two_camera' build argument 'cmake_target' from command line to 'None'
[1.621s] Level 5:colcon.colcon_core.verb:set package 'two_camera' build argument 'cmake_target_skip_unavailable' from command line to 'False'
[1.621s] Level 5:colcon.colcon_core.verb:set package 'two_camera' build argument 'cmake_clean_cache' from command line to 'False'
[1.621s] Level 5:colcon.colcon_core.verb:set package 'two_camera' build argument 'cmake_clean_first' from command line to 'False'
[1.621s] Level 5:colcon.colcon_core.verb:set package 'two_camera' build argument 'cmake_force_configure' from command line to 'False'
[1.622s] Level 5:colcon.colcon_core.verb:set package 'two_camera' build argument 'ament_cmake_args' from command line to 'None'
[1.622s] Level 5:colcon.colcon_core.verb:set package 'two_camera' build argument 'catkin_cmake_args' from command line to 'None'
[1.622s] Level 5:colcon.colcon_core.verb:set package 'two_camera' build argument 'catkin_skip_building_tests' from command line to 'False'
[1.622s] DEBUG:colcon.colcon_core.verb:Building package 'two_camera' with the following arguments: {'ament_cmake_args': None, 'build_base': '/home/lamps-xe3/ros2_ws/build/two_camera', 'catkin_cmake_args': None, 'catkin_skip_building_tests': False, 'cmake_args': None, 'cmake_clean_cache': False, 'cmake_clean_first': False, 'cmake_force_configure': False, 'cmake_target': None, 'cmake_target_skip_unavailable': False, 'install_base': '/home/lamps-xe3/ros2_ws/install/two_camera', 'merge_install': False, 'path': '/home/lamps-xe3/ros2_ws/src/two_camera', 'symlink_install': False, 'test_result_base': None}
[1.622s] INFO:colcon.colcon_core.executor:Executing jobs using 'parallel' executor
[1.626s] DEBUG:colcon.colcon_parallel_executor.executor.parallel:run_until_complete
[1.627s] INFO:colcon.colcon_ros.task.ament_cmake.build:Building ROS package in '/home/lamps-xe3/ros2_ws/src/sub_synch' with build type 'ament_cmake'
[1.628s] INFO:colcon.colcon_cmake.task.cmake.build:Building CMake package in '/home/lamps-xe3/ros2_ws/src/sub_synch'
[1.637s] INFO:colcon.colcon_core.plugin_system:Skipping extension 'colcon_core.shell.bat': Not used on non-Windows systems
[1.638s] INFO:colcon.colcon_core.shell:Skip shell extension 'powershell' for command environment: Not usable outside of PowerShell
[1.638s] DEBUG:colcon.colcon_core.shell:Skip shell extension 'dsv' for command environment
[1.664s] INFO:colcon.colcon_ros.task.ament_cmake.build:Building ROS package in '/home/lamps-xe3/ros2_ws/src/two_camera' with build type 'ament_cmake'
[1.665s] INFO:colcon.colcon_cmake.task.cmake.build:Building CMake package in '/home/lamps-xe3/ros2_ws/src/two_camera'
[1.667s] INFO:colcon.colcon_core.shell:Skip shell extension 'powershell' for command environment: Not usable outside of PowerShell
[1.667s] DEBUG:colcon.colcon_core.shell:Skip shell extension 'dsv' for command environment
[1.698s] DEBUG:colcon.colcon_core.event_handler.log_command:Invoking command in '/home/lamps-xe3/ros2_ws/build/sub_synch': CMAKE_PREFIX_PATH=${CMAKE_PREFIX_PATH}:/opt/ros/humble /usr/bin/cmake /home/lamps-xe3/ros2_ws/src/sub_synch -DCMAKE_INSTALL_PREFIX=/home/lamps-xe3/ros2_ws/install/sub_synch
[1.728s] DEBUG:colcon.colcon_core.event_handler.log_command:Invoking command in '/home/lamps-xe3/ros2_ws/build/two_camera': CMAKE_PREFIX_PATH=${CMAKE_PREFIX_PATH}:/opt/ros/humble /usr/bin/cmake --build /home/lamps-xe3/ros2_ws/build/two_camera -- -j4 -l4
[15.714s] DEBUG:colcon.colcon_core.event_handler.log_command:Invoked command in '/home/lamps-xe3/ros2_ws/build/sub_synch' returned '0': CMAKE_PREFIX_PATH=${CMAKE_PREFIX_PATH}:/opt/ros/humble /usr/bin/cmake /home/lamps-xe3/ros2_ws/src/sub_synch -DCMAKE_INSTALL_PREFIX=/home/lamps-xe3/ros2_ws/install/sub_synch
[15.721s] DEBUG:colcon.colcon_core.event_handler.log_command:Invoking command in '/home/lamps-xe3/ros2_ws/build/sub_synch': CMAKE_PREFIX_PATH=${CMAKE_PREFIX_PATH}:/opt/ros/humble /usr/bin/cmake --build /home/lamps-xe3/ros2_ws/build/sub_synch -- -j4 -l4
[83.813s] DEBUG:colcon.colcon_core.event_handler.log_command:Invoked command in '/home/lamps-xe3/ros2_ws/build/two_camera' returned '0': CMAKE_PREFIX_PATH=${CMAKE_PREFIX_PATH}:/opt/ros/humble /usr/bin/cmake --build /home/lamps-xe3/ros2_ws/build/two_camera -- -j4 -l4
[84.056s] DEBUG:colcon.colcon_core.event_handler.log_command:Invoking command in '/home/lamps-xe3/ros2_ws/build/two_camera': CMAKE_PREFIX_PATH=${CMAKE_PREFIX_PATH}:/opt/ros/humble /usr/bin/cmake --install /home/lamps-xe3/ros2_ws/build/two_camera
[84.157s] Level 1:colcon.colcon_core.environment:create_environment_scripts_only(two_camera)
[84.167s] DEBUG:colcon.colcon_core.event_handler.log_command:Invoked command in '/home/lamps-xe3/ros2_ws/build/two_camera' returned '0': CMAKE_PREFIX_PATH=${CMAKE_PREFIX_PATH}:/opt/ros/humble /usr/bin/cmake --install /home/lamps-xe3/ros2_ws/build/two_camera
[84.186s] Level 1:colcon.colcon_core.environment:checking '/home/lamps-xe3/ros2_ws/install/two_camera' for CMake module files
[84.190s] Level 1:colcon.colcon_core.environment:checking '/home/lamps-xe3/ros2_ws/install/two_camera' for CMake config files
[84.192s] Level 1:colcon.colcon_core.shell:create_environment_hook('two_camera', 'cmake_prefix_path')
[84.193s] INFO:colcon.colcon_core.shell:Creating environment hook '/home/lamps-xe3/ros2_ws/install/two_camera/share/two_camera/hook/cmake_prefix_path.ps1'
[84.197s] INFO:colcon.colcon_core.shell:Creating environment descriptor '/home/lamps-xe3/ros2_ws/install/two_camera/share/two_camera/hook/cmake_prefix_path.dsv'
[84.200s] INFO:colcon.colcon_core.shell:Creating environment hook '/home/lamps-xe3/ros2_ws/install/two_camera/share/two_camera/hook/cmake_prefix_path.sh'
[84.205s] Level 1:colcon.colcon_core.environment:checking '/home/lamps-xe3/ros2_ws/install/two_camera/lib'
[84.207s] Level 1:colcon.colcon_core.environment:checking '/home/lamps-xe3/ros2_ws/install/two_camera/bin'
[84.207s] Level 1:colcon.colcon_core.environment:checking '/home/lamps-xe3/ros2_ws/install/two_camera/lib/pkgconfig/two_camera.pc'
[84.209s] Level 1:colcon.colcon_core.environment:checking '/home/lamps-xe3/ros2_ws/install/two_camera/lib/python3.10/site-packages'
[84.210s] Level 1:colcon.colcon_core.environment:checking '/home/lamps-xe3/ros2_ws/install/two_camera/bin'
[84.212s] INFO:colcon.colcon_core.shell:Creating package script '/home/lamps-xe3/ros2_ws/install/two_camera/share/two_camera/package.ps1'
[84.217s] INFO:colcon.colcon_core.shell:Creating package descriptor '/home/lamps-xe3/ros2_ws/install/two_camera/share/two_camera/package.dsv'
[84.220s] INFO:colcon.colcon_core.shell:Creating package script '/home/lamps-xe3/ros2_ws/install/two_camera/share/two_camera/package.sh'
[84.224s] INFO:colcon.colcon_core.shell:Creating package script '/home/lamps-xe3/ros2_ws/install/two_camera/share/two_camera/package.bash'
[84.228s] INFO:colcon.colcon_core.shell:Creating package script '/home/lamps-xe3/ros2_ws/install/two_camera/share/two_camera/package.zsh'
[84.232s] Level 1:colcon.colcon_core.environment:create_file_with_runtime_dependencies(/home/lamps-xe3/ros2_ws/install/two_camera/share/colcon-core/packages/two_camera)
[84.417s] Level 1:colcon.colcon_core.environment:create_environment_scripts_only(two_camera)
[84.418s] Level 1:colcon.colcon_core.environment:checking '/home/lamps-xe3/ros2_ws/install/two_camera' for CMake module files
[84.422s] Level 1:colcon.colcon_core.environment:checking '/home/lamps-xe3/ros2_ws/install/two_camera' for CMake config files
[84.424s] Level 1:colcon.colcon_core.shell:create_environment_hook('two_camera', 'cmake_prefix_path')
[84.425s] INFO:colcon.colcon_core.shell:Creating environment hook '/home/lamps-xe3/ros2_ws/install/two_camera/share/two_camera/hook/cmake_prefix_path.ps1'
[84.428s] INFO:colcon.colcon_core.shell:Creating environment descriptor '/home/lamps-xe3/ros2_ws/install/two_camera/share/two_camera/hook/cmake_prefix_path.dsv'
[84.430s] INFO:colcon.colcon_core.shell:Creating environment hook '/home/lamps-xe3/ros2_ws/install/two_camera/share/two_camera/hook/cmake_prefix_path.sh'
[84.433s] Level 1:colcon.colcon_core.environment:checking '/home/lamps-xe3/ros2_ws/install/two_camera/lib'
[84.434s] Level 1:colcon.colcon_core.environment:checking '/home/lamps-xe3/ros2_ws/install/two_camera/bin'
[84.434s] Level 1:colcon.colcon_core.environment:checking '/home/lamps-xe3/ros2_ws/install/two_camera/lib/pkgconfig/two_camera.pc'
[84.436s] Level 1:colcon.colcon_core.environment:checking '/home/lamps-xe3/ros2_ws/install/two_camera/lib/python3.10/site-packages'
[84.437s] Level 1:colcon.colcon_core.environment:checking '/home/lamps-xe3/ros2_ws/install/two_camera/bin'
[84.439s] INFO:colcon.colcon_core.shell:Creating package script '/home/lamps-xe3/ros2_ws/install/two_camera/share/two_camera/package.ps1'
[84.441s] INFO:colcon.colcon_core.shell:Creating package descriptor '/home/lamps-xe3/ros2_ws/install/two_camera/share/two_camera/package.dsv'
[84.444s] INFO:colcon.colcon_core.shell:Creating package script '/home/lamps-xe3/ros2_ws/install/two_camera/share/two_camera/package.sh'
[84.447s] INFO:colcon.colcon_core.shell:Creating package script '/home/lamps-xe3/ros2_ws/install/two_camera/share/two_camera/package.bash'
[84.449s] INFO:colcon.colcon_core.shell:Creating package script '/home/lamps-xe3/ros2_ws/install/two_camera/share/two_camera/package.zsh'
[84.452s] Level 1:colcon.colcon_core.environment:create_file_with_runtime_dependencies(/home/lamps-xe3/ros2_ws/install/two_camera/share/colcon-core/packages/two_camera)
[112.762s] DEBUG:colcon.colcon_core.event_handler.log_command:Invoked command in '/home/lamps-xe3/ros2_ws/build/sub_synch' returned '0': CMAKE_PREFIX_PATH=${CMAKE_PREFIX_PATH}:/opt/ros/humble /usr/bin/cmake --build /home/lamps-xe3/ros2_ws/build/sub_synch -- -j4 -l4
[112.895s] DEBUG:colcon.colcon_core.event_handler.log_command:Invoking command in '/home/lamps-xe3/ros2_ws/build/sub_synch': CMAKE_PREFIX_PATH=${CMAKE_PREFIX_PATH}:/opt/ros/humble /usr/bin/cmake --install /home/lamps-xe3/ros2_ws/build/sub_synch
[112.961s] DEBUG:colcon.colcon_core.event_handler.log_command:Invoked command in '/home/lamps-xe3/ros2_ws/build/sub_synch' returned '1': CMAKE_PREFIX_PATH=${CMAKE_PREFIX_PATH}:/opt/ros/humble /usr/bin/cmake --install /home/lamps-xe3/ros2_ws/build/sub_synch
[113.088s] Level 1:colcon.colcon_core.environment:create_environment_scripts_only(sub_synch)
[113.089s] Level 1:colcon.colcon_core.environment:checking '/home/lamps-xe3/ros2_ws/install/sub_synch' for CMake module files
[113.090s] Level 1:colcon.colcon_core.environment:checking '/home/lamps-xe3/ros2_ws/install/sub_synch' for CMake config files
[113.092s] Level 1:colcon.colcon_core.environment:checking '/home/lamps-xe3/ros2_ws/install/sub_synch/lib'
[113.092s] Level 1:colcon.colcon_core.environment:checking '/home/lamps-xe3/ros2_ws/install/sub_synch/bin'
[113.093s] Level 1:colcon.colcon_core.environment:checking '/home/lamps-xe3/ros2_ws/install/sub_synch/lib/pkgconfig/sub_synch.pc'
[113.094s] Level 1:colcon.colcon_core.environment:checking '/home/lamps-xe3/ros2_ws/install/sub_synch/lib/python3.10/site-packages'
[113.095s] Level 1:colcon.colcon_core.environment:checking '/home/lamps-xe3/ros2_ws/install/sub_synch/bin'
[113.096s] INFO:colcon.colcon_core.shell:Creating package script '/home/lamps-xe3/ros2_ws/install/sub_synch/share/sub_synch/package.ps1'
[113.099s] INFO:colcon.colcon_core.shell:Creating package descriptor '/home/lamps-xe3/ros2_ws/install/sub_synch/share/sub_synch/package.dsv'
[113.101s] INFO:colcon.colcon_core.shell:Creating package script '/home/lamps-xe3/ros2_ws/install/sub_synch/share/sub_synch/package.sh'
[113.103s] INFO:colcon.colcon_core.shell:Creating package script '/home/lamps-xe3/ros2_ws/install/sub_synch/share/sub_synch/package.bash'
[113.105s] INFO:colcon.colcon_core.shell:Creating package script '/home/lamps-xe3/ros2_ws/install/sub_synch/share/sub_synch/package.zsh'
[113.107s] Level 1:colcon.colcon_core.environment:create_file_with_runtime_dependencies(/home/lamps-xe3/ros2_ws/install/sub_synch/share/colcon-core/packages/sub_synch)
[113.118s] DEBUG:colcon.colcon_parallel_executor.executor.parallel:closing loop
[113.119s] DEBUG:colcon.colcon_parallel_executor.executor.parallel:loop closed
[113.120s] DEBUG:colcon.colcon_parallel_executor.executor.parallel:run_until_complete finished with '1'
[113.120s] DEBUG:colcon.colcon_core.event_reactor:joining thread
[113.147s] INFO:colcon.colcon_core.plugin_system:Skipping extension 'colcon_notification.desktop_notification.terminal_notifier': Not used on non-Darwin systems
[113.147s] INFO:colcon.colcon_core.plugin_system:Skipping extension 'colcon_notification.desktop_notification.win32': Not used on non-Windows systems
[113.147s] INFO:colcon.colcon_notification.desktop_notification:Sending desktop notification using 'notify2'
[113.258s] DEBUG:colcon.colcon_core.event_reactor:joined thread
[113.260s] INFO:colcon.colcon_core.shell:Creating prefix script '/home/lamps-xe3/ros2_ws/install/local_setup.ps1'
[113.264s] INFO:colcon.colcon_core.shell:Creating prefix util module '/home/lamps-xe3/ros2_ws/install/_local_setup_util_ps1.py'
[113.270s] INFO:colcon.colcon_core.shell:Creating prefix chain script '/home/lamps-xe3/ros2_ws/install/setup.ps1'
[113.275s] INFO:colcon.colcon_core.shell:Creating prefix script '/home/lamps-xe3/ros2_ws/install/local_setup.sh'
[113.278s] INFO:colcon.colcon_core.shell:Creating prefix util module '/home/lamps-xe3/ros2_ws/install/_local_setup_util_sh.py'
[113.281s] INFO:colcon.colcon_core.shell:Creating prefix chain script '/home/lamps-xe3/ros2_ws/install/setup.sh'
[113.285s] INFO:colcon.colcon_core.shell:Creating prefix script '/home/lamps-xe3/ros2_ws/install/local_setup.bash'
[113.288s] INFO:colcon.colcon_core.shell:Creating prefix chain script '/home/lamps-xe3/ros2_ws/install/setup.bash'
[113.293s] INFO:colcon.colcon_core.shell:Creating prefix script '/home/lamps-xe3/ros2_ws/install/local_setup.zsh'
[113.295s] INFO:colcon.colcon_core.shell:Creating prefix chain script '/home/lamps-xe3/ros2_ws/install/setup.zsh'
