[0.056s] Invoking command in '/home/lamps-xe3/ros2_ws/build/two_camera': CMAKE_PREFIX_PATH=${CMAKE_PREFIX_PATH}:/opt/ros/humble /usr/bin/cmake --build /home/lamps-xe3/ros2_ws/build/two_camera -- -j4 -l4
[0.156s] -- Found ament_cmake: 1.3.10 (/opt/ros/humble/share/ament_cmake/cmake)
[0.719s] -- Found rclcpp: 16.0.10 (/opt/ros/humble/share/rclcpp/cmake)
[0.888s] -- Found rosidl_generator_c: 3.1.5 (/opt/ros/humble/share/rosidl_generator_c/cmake)
[0.899s] -- Found rosidl_adapter: 3.1.5 (/opt/ros/humble/share/rosidl_adapter/cmake)
[0.923s] -- Found rosidl_generator_cpp: 3.1.5 (/opt/ros/humble/share/rosidl_generator_cpp/cmake)
[0.962s] -- Using all available rosidl_typesupport_c: rosidl_typesupport_fastrtps_c;rosidl_typesupport_introspection_c
[1.013s] -- Using all available rosidl_typesupport_cpp: rosidl_typesupport_fastrtps_cpp;rosidl_typesupport_introspection_cpp
[1.143s] -- Found rmw_implementation_cmake: 6.1.2 (/opt/ros/humble/share/rmw_implementation_cmake/cmake)
[1.149s] -- Found rmw_fastrtps_cpp: 6.2.7 (/opt/ros/humble/share/rmw_fastrtps_cpp/cmake)
[2.073s] -- Using RMW implementation 'rmw_fastrtps_cpp' as default
[2.285s] -- Found sensor_msgs: 4.2.4 (/opt/ros/humble/share/sensor_msgs/cmake)
[2.500s] -- Found OpenCV: /usr (found version "4.5.4") 
[2.513s] -- Found PkgConfig: /usr/bin/pkg-config (found version "0.29.2") 
[2.517s] -- Checking for module 'gtk+-3.0'
[2.529s] --   No package 'gtk+-3.0' found
[2.530s] [31mCMake Error at /usr/share/cmake-3.22/Modules/FindPkgConfig.cmake:603 (message):
[2.531s]   A required package was not found
[2.531s] Call Stack (most recent call first):
[2.532s]   /usr/share/cmake-3.22/Modules/FindPkgConfig.cmake:825 (_pkg_check_modules_internal)
[2.532s]   CMakeLists.txt:15 (pkg_check_modules)
[2.533s] 
[2.533s] [0m
[2.534s] -- Configuring incomplete, errors occurred!
[2.534s] See also "/home/lamps-xe3/ros2_ws/build/two_camera/CMakeFiles/CMakeOutput.log".
[2.574s] gmake: *** [Makefile:226: cmake_check_build_system] Error 1
[2.583s] Invoked command in '/home/lamps-xe3/ros2_ws/build/two_camera' returned '2': CMAKE_PREFIX_PATH=${CMAKE_PREFIX_PATH}:/opt/ros/humble /usr/bin/cmake --build /home/lamps-xe3/ros2_ws/build/two_camera -- -j4 -l4
