[0.053s] Invoking command in '/home/lamps-xe3/ros2_ws/build/two_camera': CMAKE_PREFIX_PATH=${CMAKE_PREFIX_PATH}:/opt/ros/humble /usr/bin/cmake --build /home/lamps-xe3/ros2_ws/build/two_camera -- -j4 -l4
[0.161s] -- Found ament_cmake: 1.3.10 (/opt/ros/humble/share/ament_cmake/cmake)
[0.728s] -- Found rclcpp: 16.0.10 (/opt/ros/humble/share/rclcpp/cmake)
[0.897s] -- Found rosidl_generator_c: 3.1.5 (/opt/ros/humble/share/rosidl_generator_c/cmake)
[0.908s] -- Found rosidl_adapter: 3.1.5 (/opt/ros/humble/share/rosidl_adapter/cmake)
[0.932s] -- Found rosidl_generator_cpp: 3.1.5 (/opt/ros/humble/share/rosidl_generator_cpp/cmake)
[0.970s] -- Using all available rosidl_typesupport_c: rosidl_typesupport_fastrtps_c;rosidl_typesupport_introspection_c
[1.020s] -- Using all available rosidl_typesupport_cpp: rosidl_typesupport_fastrtps_cpp;rosidl_typesupport_introspection_cpp
[1.148s] -- Found rmw_implementation_cmake: 6.1.2 (/opt/ros/humble/share/rmw_implementation_cmake/cmake)
[1.154s] -- Found rmw_fastrtps_cpp: 6.2.7 (/opt/ros/humble/share/rmw_fastrtps_cpp/cmake)
[2.087s] -- Using RMW implementation 'rmw_fastrtps_cpp' as default
[2.277s] -- Found sensor_msgs: 4.2.4 (/opt/ros/humble/share/sensor_msgs/cmake)
[2.428s] -- Checking for module 'gtk+-3.0'
[2.609s] --   Found gtk+-3.0, version 3.24.33
[2.996s] -- Checking for module 'gstreamer-1.0'
[3.067s] --   Found gstreamer-1.0, version 1.20.3
[3.247s] -- Checking for module 'gstreamer-app-1.0'
[3.305s] --   Found gstreamer-app-1.0, version 1.20.1
[3.540s] -- Found ament_lint_auto: 0.12.11 (/opt/ros/humble/share/ament_lint_auto/cmake)
[3.880s] -- Added test 'copyright' to check source files copyright and LICENSE
[3.889s] -- Added test 'cppcheck' to perform static code analysis on C / C++ code
[3.899s] -- Configured cppcheck include dirs: 
[3.899s] -- Configured cppcheck exclude dirs and/or files: 
[3.906s] -- Added test 'cpplint' to check C / C++ code against the Google style
[3.907s] -- Configured cpplint exclude dirs and/or files: 
[3.911s] -- Added test 'lint_cmake' to check CMake code style
[3.920s] -- Added test 'uncrustify' to check C / C++ code style
[3.920s] -- Configured uncrustify additional arguments: 
[3.922s] -- Added test 'xmllint' to check XML markup files
[3.926s] -- Configuring done
[6.691s] -- Generating done
[6.701s] -- Build files have been written to: /home/lamps-xe3/ros2_ws/build/two_camera
[6.908s] [ 12%] [32mBuilding CXX object CMakeFiles/appsink4.dir/src/appsink4.cpp.o[0m
[6.909s] [ 25%] [32mBuilding CXX object CMakeFiles/appsink1.dir/src/appsink1.cpp.o[0m
[6.917s] [ 37%] [32mBuilding CXX object CMakeFiles/appsink2.dir/src/appsink2.cpp.o[0m
[6.938s] [ 50%] [32mBuilding CXX object CMakeFiles/appsink3.dir/src/appsink3.cpp.o[0m
[51.981s] [ 62%] [32m[1mLinking CXX executable appsink4[0m
[51.988s] [ 75%] [32m[1mLinking CXX executable appsink3[0m
[51.993s] [ 87%] [32m[1mLinking CXX executable appsink2[0m
[53.010s] [100%] [32m[1mLinking CXX executable appsink1[0m
[76.301s] [100%] Built target appsink3
[76.402s] [100%] Built target appsink2
[76.500s] [100%] Built target appsink1
[77.714s] [100%] Built target appsink4
[77.757s] Invoked command in '/home/lamps-xe3/ros2_ws/build/two_camera' returned '0': CMAKE_PREFIX_PATH=${CMAKE_PREFIX_PATH}:/opt/ros/humble /usr/bin/cmake --build /home/lamps-xe3/ros2_ws/build/two_camera -- -j4 -l4
[77.972s] Invoking command in '/home/lamps-xe3/ros2_ws/build/two_camera': CMAKE_PREFIX_PATH=${CMAKE_PREFIX_PATH}:/opt/ros/humble /usr/bin/cmake --install /home/lamps-xe3/ros2_ws/build/two_camera
[78.000s] -- Install configuration: ""
[78.001s] -- Installing: /home/lamps-xe3/ros2_ws/install/two_camera/lib/two_camera/appsink1
[78.011s] -- Set runtime path of "/home/lamps-xe3/ros2_ws/install/two_camera/lib/two_camera/appsink1" to ""
[78.011s] -- Installing: /home/lamps-xe3/ros2_ws/install/two_camera/lib/two_camera/appsink2
[78.020s] -- Set runtime path of "/home/lamps-xe3/ros2_ws/install/two_camera/lib/two_camera/appsink2" to ""
[78.021s] -- Installing: /home/lamps-xe3/ros2_ws/install/two_camera/lib/two_camera/appsink3
[78.029s] -- Set runtime path of "/home/lamps-xe3/ros2_ws/install/two_camera/lib/two_camera/appsink3" to ""
[78.030s] -- Installing: /home/lamps-xe3/ros2_ws/install/two_camera/lib/two_camera/appsink4
[78.039s] -- Set runtime path of "/home/lamps-xe3/ros2_ws/install/two_camera/lib/two_camera/appsink4" to ""
[78.039s] -- Installing: /home/lamps-xe3/ros2_ws/install/two_camera/share/two_camera//launch
[78.040s] -- Up-to-date: /home/lamps-xe3/ros2_ws/install/two_camera/share/ament_index/resource_index/package_run_dependencies/two_camera
[78.040s] -- Installing: /home/lamps-xe3/ros2_ws/install/two_camera/share/ament_index/resource_index/parent_prefix_path/two_camera
[78.053s] -- Up-to-date: /home/lamps-xe3/ros2_ws/install/two_camera/share/two_camera/environment/ament_prefix_path.sh
[78.056s] -- Installing: /home/lamps-xe3/ros2_ws/install/two_camera/share/two_camera/environment/ament_prefix_path.dsv
[78.057s] -- Up-to-date: /home/lamps-xe3/ros2_ws/install/two_camera/share/two_camera/environment/path.sh
[78.058s] -- Installing: /home/lamps-xe3/ros2_ws/install/two_camera/share/two_camera/environment/path.dsv
[78.059s] -- Up-to-date: /home/lamps-xe3/ros2_ws/install/two_camera/share/two_camera/local_setup.bash
[78.060s] -- Up-to-date: /home/lamps-xe3/ros2_ws/install/two_camera/share/two_camera/local_setup.sh
[78.061s] -- Up-to-date: /home/lamps-xe3/ros2_ws/install/two_camera/share/two_camera/local_setup.zsh
[78.064s] -- Installing: /home/lamps-xe3/ros2_ws/install/two_camera/share/two_camera/local_setup.dsv
[78.064s] -- Installing: /home/lamps-xe3/ros2_ws/install/two_camera/share/two_camera/package.dsv
[78.066s] -- Up-to-date: /home/lamps-xe3/ros2_ws/install/two_camera/share/ament_index/resource_index/packages/two_camera
[78.066s] -- Up-to-date: /home/lamps-xe3/ros2_ws/install/two_camera/share/two_camera/cmake/two_cameraConfig.cmake
[78.067s] -- Up-to-date: /home/lamps-xe3/ros2_ws/install/two_camera/share/two_camera/cmake/two_cameraConfig-version.cmake
[78.069s] -- Up-to-date: /home/lamps-xe3/ros2_ws/install/two_camera/share/two_camera/package.xml
[78.072s] Invoked command in '/home/lamps-xe3/ros2_ws/build/two_camera' returned '0': CMAKE_PREFIX_PATH=${CMAKE_PREFIX_PATH}:/opt/ros/humble /usr/bin/cmake --install /home/lamps-xe3/ros2_ws/build/two_camera
