[0.074s] Invoking command in '/home/lamps-xe3/ros2_ws/build/two_camera': CMAKE_PREFIX_PATH=${CMAKE_PREFIX_PATH}:/opt/ros/humble /usr/bin/cmake --build /home/lamps-xe3/ros2_ws/build/two_camera -- -j4 -l4
[0.532s] [ 25%] Built target appsink2
[0.570s] [ 50%] Built target appsink3
[0.592s] [ 75%] Built target appsink4
[0.606s] [100%] Built target appsink1
[0.650s] Invoked command in '/home/lamps-xe3/ros2_ws/build/two_camera' returned '0': CMAKE_PREFIX_PATH=${CMAKE_PREFIX_PATH}:/opt/ros/humble /usr/bin/cmake --build /home/lamps-xe3/ros2_ws/build/two_camera -- -j4 -l4
[0.875s] Invoking command in '/home/lamps-xe3/ros2_ws/build/two_camera': CMAKE_PREFIX_PATH=${CMAKE_PREFIX_PATH}:/opt/ros/humble /usr/bin/cmake --install /home/lamps-xe3/ros2_ws/build/two_camera
[0.911s] -- Install configuration: ""
[0.913s] -- Up-to-date: /home/lamps-xe3/ros2_ws/install/two_camera/lib/two_camera/appsink1
[0.918s] -- Up-to-date: /home/lamps-xe3/ros2_ws/install/two_camera/lib/two_camera/appsink2
[0.925s] -- Up-to-date: /home/lamps-xe3/ros2_ws/install/two_camera/lib/two_camera/appsink3
[0.927s] -- Up-to-date: /home/lamps-xe3/ros2_ws/install/two_camera/lib/two_camera/appsink4
[0.930s] -- Up-to-date: /home/lamps-xe3/ros2_ws/install/two_camera/share/two_camera//launch
[0.933s] -- Up-to-date: /home/lamps-xe3/ros2_ws/install/two_camera/share/ament_index/resource_index/package_run_dependencies/two_camera
[0.936s] -- Up-to-date: /home/lamps-xe3/ros2_ws/install/two_camera/share/ament_index/resource_index/parent_prefix_path/two_camera
[0.937s] -- Up-to-date: /home/lamps-xe3/ros2_ws/install/two_camera/share/two_camera/environment/ament_prefix_path.sh
[0.938s] -- Up-to-date: /home/lamps-xe3/ros2_ws/install/two_camera/share/two_camera/environment/ament_prefix_path.dsv
[0.945s] -- Up-to-date: /home/lamps-xe3/ros2_ws/install/two_camera/share/two_camera/environment/path.sh
[0.945s] -- Up-to-date: /home/lamps-xe3/ros2_ws/install/two_camera/share/two_camera/environment/path.dsv
[0.946s] -- Up-to-date: /home/lamps-xe3/ros2_ws/install/two_camera/share/two_camera/local_setup.bash
[0.946s] -- Up-to-date: /home/lamps-xe3/ros2_ws/install/two_camera/share/two_camera/local_setup.sh
[0.952s] -- Up-to-date: /home/lamps-xe3/ros2_ws/install/two_camera/share/two_camera/local_setup.zsh
[0.956s] -- Up-to-date: /home/lamps-xe3/ros2_ws/install/two_camera/share/two_camera/local_setup.dsv
[0.959s] -- Installing: /home/lamps-xe3/ros2_ws/install/two_camera/share/two_camera/package.dsv
[0.962s] -- Up-to-date: /home/lamps-xe3/ros2_ws/install/two_camera/share/ament_index/resource_index/packages/two_camera
[0.965s] -- Up-to-date: /home/lamps-xe3/ros2_ws/install/two_camera/share/two_camera/cmake/two_cameraConfig.cmake
[0.968s] -- Up-to-date: /home/lamps-xe3/ros2_ws/install/two_camera/share/two_camera/cmake/two_cameraConfig-version.cmake
[0.971s] -- Up-to-date: /home/lamps-xe3/ros2_ws/install/two_camera/share/two_camera/package.xml
[0.974s] Invoked command in '/home/lamps-xe3/ros2_ws/build/two_camera' returned '0': CMAKE_PREFIX_PATH=${CMAKE_PREFIX_PATH}:/opt/ros/humble /usr/bin/cmake --install /home/lamps-xe3/ros2_ws/build/two_camera
