[0.637s] DEBUG:colcon:Command line arguments: ['/usr/bin/colcon', 'build']
[0.638s] DEBUG:colcon:Parsed command line arguments: Namespace(log_base=None, log_level=None, verb_name='build', build_base='build', install_base='install', merge_install=False, symlink_install=False, test_result_base=None, continue_on_error=False, executor='parallel', parallel_workers=4, event_handlers=None, ignore_user_meta=False, metas=['./colcon.meta'], base_paths=['.'], packages_ignore=None, packages_ignore_regex=None, paths=None, packages_up_to=None, packages_up_to_regex=None, packages_above=None, packages_above_and_dependencies=None, packages_above_depth=None, packages_select_by_dep=None, packages_skip_by_dep=None, packages_skip_up_to=None, packages_select_build_failed=False, packages_skip_build_finished=False, packages_select_test_failures=False, packages_skip_test_passed=False, packages_select=None, packages_skip=None, packages_select_regex=None, packages_skip_regex=None, packages_start=None, packages_end=None, allow_overriding=[], cmake_args=None, cmake_target=None, cmake_target_skip_unavailable=False, cmake_clean_cache=False, cmake_clean_first=False, cmake_force_configure=False, ament_cmake_args=None, catkin_cmake_args=None, catkin_skip_building_tests=False, verb_parser=<colcon_defaults.argument_parser.defaults.DefaultArgumentsDecorator object at 0xffff99d1f9a0>, verb_extension=<colcon_core.verb.build.BuildVerb object at 0xffff99d1f550>, main=<bound method BuildVerb.main of <colcon_core.verb.build.BuildVerb object at 0xffff99d1f550>>)
[1.758s] Level 1:colcon.colcon_core.package_discovery:discover_packages(colcon_meta) check parameters
[1.759s] Level 1:colcon.colcon_core.package_discovery:discover_packages(recursive) check parameters
[1.759s] Level 1:colcon.colcon_core.package_discovery:discover_packages(ignore) check parameters
[1.759s] Level 1:colcon.colcon_core.package_discovery:discover_packages(path) check parameters
[1.759s] Level 1:colcon.colcon_core.package_discovery:discover_packages(colcon_meta) discover
[1.760s] Level 1:colcon.colcon_core.package_discovery:discover_packages(recursive) discover
[1.760s] INFO:colcon.colcon_core.package_discovery:Crawling recursively for packages in '/home/lamps-xe3/ros2_ws'
[1.760s] Level 1:colcon.colcon_core.package_identification:_identify(.) by extensions ['ignore', 'ignore_ament_install']
[1.760s] Level 1:colcon.colcon_core.package_identification:_identify(.) by extension 'ignore'
[1.761s] Level 1:colcon.colcon_core.package_identification:_identify(.) by extension 'ignore_ament_install'
[1.761s] Level 1:colcon.colcon_core.package_identification:_identify(.) by extensions ['colcon_pkg']
[1.761s] Level 1:colcon.colcon_core.package_identification:_identify(.) by extension 'colcon_pkg'
[1.761s] Level 1:colcon.colcon_core.package_identification:_identify(.) by extensions ['colcon_meta']
[1.762s] Level 1:colcon.colcon_core.package_identification:_identify(.) by extension 'colcon_meta'
[1.762s] Level 1:colcon.colcon_core.package_identification:_identify(.) by extensions ['ros']
[1.762s] Level 1:colcon.colcon_core.package_identification:_identify(.) by extension 'ros'
[1.840s] Level 1:colcon.colcon_core.package_identification:_identify(.) by extensions ['cmake', 'python']
[1.840s] Level 1:colcon.colcon_core.package_identification:_identify(.) by extension 'cmake'
[1.841s] Level 1:colcon.colcon_core.package_identification:_identify(.) by extension 'python'
[1.841s] Level 1:colcon.colcon_core.package_identification:_identify(.) by extensions ['python_setup_py']
[1.842s] Level 1:colcon.colcon_core.package_identification:_identify(.) by extension 'python_setup_py'
[1.842s] Level 1:colcon.colcon_core.package_identification:_identify(build) by extensions ['ignore', 'ignore_ament_install']
[1.843s] Level 1:colcon.colcon_core.package_identification:_identify(build) by extension 'ignore'
[1.843s] Level 1:colcon.colcon_core.package_identification:_identify(build) ignored
[1.844s] Level 1:colcon.colcon_core.package_identification:_identify(install) by extensions ['ignore', 'ignore_ament_install']
[1.844s] Level 1:colcon.colcon_core.package_identification:_identify(install) by extension 'ignore'
[1.845s] Level 1:colcon.colcon_core.package_identification:_identify(install) ignored
[1.845s] Level 1:colcon.colcon_core.package_identification:_identify(log) by extensions ['ignore', 'ignore_ament_install']
[1.846s] Level 1:colcon.colcon_core.package_identification:_identify(log) by extension 'ignore'
[1.846s] Level 1:colcon.colcon_core.package_identification:_identify(log) ignored
[1.846s] Level 1:colcon.colcon_core.package_identification:_identify(src) by extensions ['ignore', 'ignore_ament_install']
[1.847s] Level 1:colcon.colcon_core.package_identification:_identify(src) by extension 'ignore'
[1.847s] Level 1:colcon.colcon_core.package_identification:_identify(src) by extension 'ignore_ament_install'
[1.847s] Level 1:colcon.colcon_core.package_identification:_identify(src) by extensions ['colcon_pkg']
[1.847s] Level 1:colcon.colcon_core.package_identification:_identify(src) by extension 'colcon_pkg'
[1.847s] Level 1:colcon.colcon_core.package_identification:_identify(src) by extensions ['colcon_meta']
[1.848s] Level 1:colcon.colcon_core.package_identification:_identify(src) by extension 'colcon_meta'
[1.848s] Level 1:colcon.colcon_core.package_identification:_identify(src) by extensions ['ros']
[1.848s] Level 1:colcon.colcon_core.package_identification:_identify(src) by extension 'ros'
[1.848s] Level 1:colcon.colcon_core.package_identification:_identify(src) by extensions ['cmake', 'python']
[1.848s] Level 1:colcon.colcon_core.package_identification:_identify(src) by extension 'cmake'
[1.849s] Level 1:colcon.colcon_core.package_identification:_identify(src) by extension 'python'
[1.849s] Level 1:colcon.colcon_core.package_identification:_identify(src) by extensions ['python_setup_py']
[1.849s] Level 1:colcon.colcon_core.package_identification:_identify(src) by extension 'python_setup_py'
[1.849s] Level 1:colcon.colcon_core.package_identification:_identify(src/sub_synch) by extensions ['ignore', 'ignore_ament_install']
[1.850s] Level 1:colcon.colcon_core.package_identification:_identify(src/sub_synch) by extension 'ignore'
[1.850s] Level 1:colcon.colcon_core.package_identification:_identify(src/sub_synch) by extension 'ignore_ament_install'
[1.850s] Level 1:colcon.colcon_core.package_identification:_identify(src/sub_synch) by extensions ['colcon_pkg']
[1.850s] Level 1:colcon.colcon_core.package_identification:_identify(src/sub_synch) by extension 'colcon_pkg'
[1.851s] Level 1:colcon.colcon_core.package_identification:_identify(src/sub_synch) by extensions ['colcon_meta']
[1.851s] Level 1:colcon.colcon_core.package_identification:_identify(src/sub_synch) by extension 'colcon_meta'
[1.851s] Level 1:colcon.colcon_core.package_identification:_identify(src/sub_synch) by extensions ['ros']
[1.851s] Level 1:colcon.colcon_core.package_identification:_identify(src/sub_synch) by extension 'ros'
[1.860s] DEBUG:colcon.colcon_core.package_identification:Package 'src/sub_synch' with type 'ros.ament_cmake' and name 'sub_synch'
[1.861s] Level 1:colcon.colcon_core.package_identification:_identify(src/two_camera) by extensions ['ignore', 'ignore_ament_install']
[1.861s] Level 1:colcon.colcon_core.package_identification:_identify(src/two_camera) by extension 'ignore'
[1.862s] Level 1:colcon.colcon_core.package_identification:_identify(src/two_camera) by extension 'ignore_ament_install'
[1.862s] Level 1:colcon.colcon_core.package_identification:_identify(src/two_camera) by extensions ['colcon_pkg']
[1.862s] Level 1:colcon.colcon_core.package_identification:_identify(src/two_camera) by extension 'colcon_pkg'
[1.863s] Level 1:colcon.colcon_core.package_identification:_identify(src/two_camera) by extensions ['colcon_meta']
[1.863s] Level 1:colcon.colcon_core.package_identification:_identify(src/two_camera) by extension 'colcon_meta'
[1.863s] Level 1:colcon.colcon_core.package_identification:_identify(src/two_camera) by extensions ['ros']
[1.863s] Level 1:colcon.colcon_core.package_identification:_identify(src/two_camera) by extension 'ros'
[1.871s] DEBUG:colcon.colcon_core.package_identification:Package 'src/two_camera' with type 'ros.ament_cmake' and name 'two_camera'
[1.871s] Level 1:colcon.colcon_core.package_discovery:discover_packages(recursive) using defaults
[1.871s] Level 1:colcon.colcon_core.package_discovery:discover_packages(ignore) discover
[1.871s] Level 1:colcon.colcon_core.package_discovery:discover_packages(ignore) using defaults
[1.872s] Level 1:colcon.colcon_core.package_discovery:discover_packages(path) discover
[1.872s] Level 1:colcon.colcon_core.package_discovery:discover_packages(path) using defaults
[1.956s] Level 1:colcon.colcon_core.package_discovery:discover_packages(prefix_path) check parameters
[1.956s] Level 1:colcon.colcon_core.package_discovery:discover_packages(prefix_path) discover
[1.964s] DEBUG:colcon.colcon_installed_package_information.package_discovery:Found 2 installed packages in /home/lamps-xe3/ros2_ws/install
[1.973s] DEBUG:colcon.colcon_installed_package_information.package_discovery:Found 270 installed packages in /opt/ros/humble
[1.979s] Level 1:colcon.colcon_core.package_discovery:discover_packages(prefix_path) using defaults
[2.194s] Level 5:colcon.colcon_core.verb:set package 'sub_synch' build argument 'cmake_args' from command line to 'None'
[2.194s] Level 5:colcon.colcon_core.verb:set package 'sub_synch' build argument 'cmake_target' from command line to 'None'
[2.195s] Level 5:colcon.colcon_core.verb:set package 'sub_synch' build argument 'cmake_target_skip_unavailable' from command line to 'False'
[2.195s] Level 5:colcon.colcon_core.verb:set package 'sub_synch' build argument 'cmake_clean_cache' from command line to 'False'
[2.195s] Level 5:colcon.colcon_core.verb:set package 'sub_synch' build argument 'cmake_clean_first' from command line to 'False'
[2.195s] Level 5:colcon.colcon_core.verb:set package 'sub_synch' build argument 'cmake_force_configure' from command line to 'False'
[2.195s] Level 5:colcon.colcon_core.verb:set package 'sub_synch' build argument 'ament_cmake_args' from command line to 'None'
[2.195s] Level 5:colcon.colcon_core.verb:set package 'sub_synch' build argument 'catkin_cmake_args' from command line to 'None'
[2.195s] Level 5:colcon.colcon_core.verb:set package 'sub_synch' build argument 'catkin_skip_building_tests' from command line to 'False'
[2.195s] DEBUG:colcon.colcon_core.verb:Building package 'sub_synch' with the following arguments: {'ament_cmake_args': None, 'build_base': '/home/lamps-xe3/ros2_ws/build/sub_synch', 'catkin_cmake_args': None, 'catkin_skip_building_tests': False, 'cmake_args': None, 'cmake_clean_cache': False, 'cmake_clean_first': False, 'cmake_force_configure': False, 'cmake_target': None, 'cmake_target_skip_unavailable': False, 'install_base': '/home/lamps-xe3/ros2_ws/install/sub_synch', 'merge_install': False, 'path': '/home/lamps-xe3/ros2_ws/src/sub_synch', 'symlink_install': False, 'test_result_base': None}
[2.197s] Level 5:colcon.colcon_core.verb:set package 'two_camera' build argument 'cmake_args' from command line to 'None'
[2.197s] Level 5:colcon.colcon_core.verb:set package 'two_camera' build argument 'cmake_target' from command line to 'None'
[2.197s] Level 5:colcon.colcon_core.verb:set package 'two_camera' build argument 'cmake_target_skip_unavailable' from command line to 'False'
[2.197s] Level 5:colcon.colcon_core.verb:set package 'two_camera' build argument 'cmake_clean_cache' from command line to 'False'
[2.197s] Level 5:colcon.colcon_core.verb:set package 'two_camera' build argument 'cmake_clean_first' from command line to 'False'
[2.197s] Level 5:colcon.colcon_core.verb:set package 'two_camera' build argument 'cmake_force_configure' from command line to 'False'
[2.198s] Level 5:colcon.colcon_core.verb:set package 'two_camera' build argument 'ament_cmake_args' from command line to 'None'
[2.198s] Level 5:colcon.colcon_core.verb:set package 'two_camera' build argument 'catkin_cmake_args' from command line to 'None'
[2.198s] Level 5:colcon.colcon_core.verb:set package 'two_camera' build argument 'catkin_skip_building_tests' from command line to 'False'
[2.198s] DEBUG:colcon.colcon_core.verb:Building package 'two_camera' with the following arguments: {'ament_cmake_args': None, 'build_base': '/home/lamps-xe3/ros2_ws/build/two_camera', 'catkin_cmake_args': None, 'catkin_skip_building_tests': False, 'cmake_args': None, 'cmake_clean_cache': False, 'cmake_clean_first': False, 'cmake_force_configure': False, 'cmake_target': None, 'cmake_target_skip_unavailable': False, 'install_base': '/home/lamps-xe3/ros2_ws/install/two_camera', 'merge_install': False, 'path': '/home/lamps-xe3/ros2_ws/src/two_camera', 'symlink_install': False, 'test_result_base': None}
[2.198s] INFO:colcon.colcon_core.executor:Executing jobs using 'parallel' executor
[2.202s] DEBUG:colcon.colcon_parallel_executor.executor.parallel:run_until_complete
[2.203s] INFO:colcon.colcon_ros.task.ament_cmake.build:Building ROS package in '/home/lamps-xe3/ros2_ws/src/sub_synch' with build type 'ament_cmake'
[2.204s] INFO:colcon.colcon_cmake.task.cmake.build:Building CMake package in '/home/lamps-xe3/ros2_ws/src/sub_synch'
[2.214s] INFO:colcon.colcon_core.plugin_system:Skipping extension 'colcon_core.shell.bat': Not used on non-Windows systems
[2.215s] INFO:colcon.colcon_core.shell:Skip shell extension 'powershell' for command environment: Not usable outside of PowerShell
[2.215s] DEBUG:colcon.colcon_core.shell:Skip shell extension 'dsv' for command environment
[2.233s] INFO:colcon.colcon_ros.task.ament_cmake.build:Building ROS package in '/home/lamps-xe3/ros2_ws/src/two_camera' with build type 'ament_cmake'
[2.234s] INFO:colcon.colcon_cmake.task.cmake.build:Building CMake package in '/home/lamps-xe3/ros2_ws/src/two_camera'
[2.235s] INFO:colcon.colcon_core.shell:Skip shell extension 'powershell' for command environment: Not usable outside of PowerShell
[2.236s] DEBUG:colcon.colcon_core.shell:Skip shell extension 'dsv' for command environment
[2.278s] DEBUG:colcon.colcon_core.event_handler.log_command:Invoking command in '/home/lamps-xe3/ros2_ws/build/sub_synch': CMAKE_PREFIX_PATH=${CMAKE_PREFIX_PATH}:/opt/ros/humble /usr/bin/cmake --build /home/lamps-xe3/ros2_ws/build/sub_synch -- -j4 -l4
[2.300s] DEBUG:colcon.colcon_core.event_handler.log_command:Invoking command in '/home/lamps-xe3/ros2_ws/build/two_camera': CMAKE_PREFIX_PATH=${CMAKE_PREFIX_PATH}:/opt/ros/humble /usr/bin/cmake --build /home/lamps-xe3/ros2_ws/build/two_camera -- -j4 -l4
[2.704s] DEBUG:colcon.colcon_core.event_handler.log_command:Invoked command in '/home/lamps-xe3/ros2_ws/build/sub_synch' returned '0': CMAKE_PREFIX_PATH=${CMAKE_PREFIX_PATH}:/opt/ros/humble /usr/bin/cmake --build /home/lamps-xe3/ros2_ws/build/sub_synch -- -j4 -l4
[2.958s] DEBUG:colcon.colcon_core.event_handler.log_command:Invoking command in '/home/lamps-xe3/ros2_ws/build/sub_synch': CMAKE_PREFIX_PATH=${CMAKE_PREFIX_PATH}:/opt/ros/humble /usr/bin/cmake --install /home/lamps-xe3/ros2_ws/build/sub_synch
[2.963s] DEBUG:colcon.colcon_core.event_handler.log_command:Invoked command in '/home/lamps-xe3/ros2_ws/build/two_camera' returned '0': CMAKE_PREFIX_PATH=${CMAKE_PREFIX_PATH}:/opt/ros/humble /usr/bin/cmake --build /home/lamps-xe3/ros2_ws/build/two_camera -- -j4 -l4
[3.014s] Level 1:colcon.colcon_core.environment:create_environment_scripts_only(sub_synch)
[3.026s] Level 1:colcon.colcon_core.environment:checking '/home/lamps-xe3/ros2_ws/install/sub_synch' for CMake module files
[3.027s] DEBUG:colcon.colcon_core.event_handler.log_command:Invoked command in '/home/lamps-xe3/ros2_ws/build/sub_synch' returned '0': CMAKE_PREFIX_PATH=${CMAKE_PREFIX_PATH}:/opt/ros/humble /usr/bin/cmake --install /home/lamps-xe3/ros2_ws/build/sub_synch
[3.031s] Level 1:colcon.colcon_core.environment:checking '/home/lamps-xe3/ros2_ws/install/sub_synch' for CMake config files
[3.033s] Level 1:colcon.colcon_core.shell:create_environment_hook('sub_synch', 'cmake_prefix_path')
[3.034s] INFO:colcon.colcon_core.shell:Creating environment hook '/home/lamps-xe3/ros2_ws/install/sub_synch/share/sub_synch/hook/cmake_prefix_path.ps1'
[3.038s] INFO:colcon.colcon_core.shell:Creating environment descriptor '/home/lamps-xe3/ros2_ws/install/sub_synch/share/sub_synch/hook/cmake_prefix_path.dsv'
[3.040s] INFO:colcon.colcon_core.shell:Creating environment hook '/home/lamps-xe3/ros2_ws/install/sub_synch/share/sub_synch/hook/cmake_prefix_path.sh'
[3.044s] Level 1:colcon.colcon_core.environment:checking '/home/lamps-xe3/ros2_ws/install/sub_synch/lib'
[3.045s] Level 1:colcon.colcon_core.environment:checking '/home/lamps-xe3/ros2_ws/install/sub_synch/bin'
[3.045s] Level 1:colcon.colcon_core.environment:checking '/home/lamps-xe3/ros2_ws/install/sub_synch/lib/pkgconfig/sub_synch.pc'
[3.047s] Level 1:colcon.colcon_core.environment:checking '/home/lamps-xe3/ros2_ws/install/sub_synch/lib/python3.10/site-packages'
[3.048s] Level 1:colcon.colcon_core.environment:checking '/home/lamps-xe3/ros2_ws/install/sub_synch/bin'
[3.049s] INFO:colcon.colcon_core.shell:Creating package script '/home/lamps-xe3/ros2_ws/install/sub_synch/share/sub_synch/package.ps1'
[3.053s] INFO:colcon.colcon_core.shell:Creating package descriptor '/home/lamps-xe3/ros2_ws/install/sub_synch/share/sub_synch/package.dsv'
[3.055s] INFO:colcon.colcon_core.shell:Creating package script '/home/lamps-xe3/ros2_ws/install/sub_synch/share/sub_synch/package.sh'
[3.060s] INFO:colcon.colcon_core.shell:Creating package script '/home/lamps-xe3/ros2_ws/install/sub_synch/share/sub_synch/package.bash'
[3.063s] INFO:colcon.colcon_core.shell:Creating package script '/home/lamps-xe3/ros2_ws/install/sub_synch/share/sub_synch/package.zsh'
[3.066s] Level 1:colcon.colcon_core.environment:create_file_with_runtime_dependencies(/home/lamps-xe3/ros2_ws/install/sub_synch/share/colcon-core/packages/sub_synch)
[3.157s] DEBUG:colcon.colcon_core.event_handler.log_command:Invoking command in '/home/lamps-xe3/ros2_ws/build/two_camera': CMAKE_PREFIX_PATH=${CMAKE_PREFIX_PATH}:/opt/ros/humble /usr/bin/cmake --install /home/lamps-xe3/ros2_ws/build/two_camera
[3.198s] Level 1:colcon.colcon_core.environment:create_environment_scripts_only(sub_synch)
[3.199s] Level 1:colcon.colcon_core.environment:checking '/home/lamps-xe3/ros2_ws/install/sub_synch' for CMake module files
[3.209s] Level 1:colcon.colcon_core.environment:checking '/home/lamps-xe3/ros2_ws/install/sub_synch' for CMake config files
[3.212s] Level 1:colcon.colcon_core.shell:create_environment_hook('sub_synch', 'cmake_prefix_path')
[3.213s] INFO:colcon.colcon_core.shell:Creating environment hook '/home/lamps-xe3/ros2_ws/install/sub_synch/share/sub_synch/hook/cmake_prefix_path.ps1'
[3.215s] INFO:colcon.colcon_core.shell:Creating environment descriptor '/home/lamps-xe3/ros2_ws/install/sub_synch/share/sub_synch/hook/cmake_prefix_path.dsv'
[3.216s] INFO:colcon.colcon_core.shell:Creating environment hook '/home/lamps-xe3/ros2_ws/install/sub_synch/share/sub_synch/hook/cmake_prefix_path.sh'
[3.219s] Level 1:colcon.colcon_core.environment:checking '/home/lamps-xe3/ros2_ws/install/sub_synch/lib'
[3.219s] Level 1:colcon.colcon_core.environment:checking '/home/lamps-xe3/ros2_ws/install/sub_synch/bin'
[3.220s] Level 1:colcon.colcon_core.environment:checking '/home/lamps-xe3/ros2_ws/install/sub_synch/lib/pkgconfig/sub_synch.pc'
[3.221s] Level 1:colcon.colcon_core.environment:checking '/home/lamps-xe3/ros2_ws/install/sub_synch/lib/python3.10/site-packages'
[3.221s] Level 1:colcon.colcon_core.environment:checking '/home/lamps-xe3/ros2_ws/install/sub_synch/bin'
[3.223s] INFO:colcon.colcon_core.shell:Creating package script '/home/lamps-xe3/ros2_ws/install/sub_synch/share/sub_synch/package.ps1'
[3.225s] INFO:colcon.colcon_core.shell:Creating package descriptor '/home/lamps-xe3/ros2_ws/install/sub_synch/share/sub_synch/package.dsv'
[3.227s] INFO:colcon.colcon_core.shell:Creating package script '/home/lamps-xe3/ros2_ws/install/sub_synch/share/sub_synch/package.sh'
[3.230s] INFO:colcon.colcon_core.shell:Creating package script '/home/lamps-xe3/ros2_ws/install/sub_synch/share/sub_synch/package.bash'
[3.232s] INFO:colcon.colcon_core.shell:Creating package script '/home/lamps-xe3/ros2_ws/install/sub_synch/share/sub_synch/package.zsh'
[3.234s] Level 1:colcon.colcon_core.environment:create_file_with_runtime_dependencies(/home/lamps-xe3/ros2_ws/install/sub_synch/share/colcon-core/packages/sub_synch)
[3.239s] Level 1:colcon.colcon_core.environment:create_environment_scripts_only(two_camera)
[3.240s] Level 1:colcon.colcon_core.environment:checking '/home/lamps-xe3/ros2_ws/install/two_camera' for CMake module files
[3.242s] DEBUG:colcon.colcon_core.event_handler.log_command:Invoked command in '/home/lamps-xe3/ros2_ws/build/two_camera' returned '0': CMAKE_PREFIX_PATH=${CMAKE_PREFIX_PATH}:/opt/ros/humble /usr/bin/cmake --install /home/lamps-xe3/ros2_ws/build/two_camera
[3.246s] Level 1:colcon.colcon_core.environment:checking '/home/lamps-xe3/ros2_ws/install/two_camera' for CMake config files
[3.247s] Level 1:colcon.colcon_core.shell:create_environment_hook('two_camera', 'cmake_prefix_path')
[3.248s] INFO:colcon.colcon_core.shell:Creating environment hook '/home/lamps-xe3/ros2_ws/install/two_camera/share/two_camera/hook/cmake_prefix_path.ps1'
[3.250s] INFO:colcon.colcon_core.shell:Creating environment descriptor '/home/lamps-xe3/ros2_ws/install/two_camera/share/two_camera/hook/cmake_prefix_path.dsv'
[3.252s] INFO:colcon.colcon_core.shell:Creating environment hook '/home/lamps-xe3/ros2_ws/install/two_camera/share/two_camera/hook/cmake_prefix_path.sh'
[3.255s] Level 1:colcon.colcon_core.environment:checking '/home/lamps-xe3/ros2_ws/install/two_camera/lib'
[3.256s] Level 1:colcon.colcon_core.environment:checking '/home/lamps-xe3/ros2_ws/install/two_camera/bin'
[3.256s] Level 1:colcon.colcon_core.environment:checking '/home/lamps-xe3/ros2_ws/install/two_camera/lib/pkgconfig/two_camera.pc'
[3.257s] Level 1:colcon.colcon_core.environment:checking '/home/lamps-xe3/ros2_ws/install/two_camera/lib/python3.10/site-packages'
[3.258s] Level 1:colcon.colcon_core.environment:checking '/home/lamps-xe3/ros2_ws/install/two_camera/bin'
[3.259s] INFO:colcon.colcon_core.shell:Creating package script '/home/lamps-xe3/ros2_ws/install/two_camera/share/two_camera/package.ps1'
[3.261s] INFO:colcon.colcon_core.shell:Creating package descriptor '/home/lamps-xe3/ros2_ws/install/two_camera/share/two_camera/package.dsv'
[3.263s] INFO:colcon.colcon_core.shell:Creating package script '/home/lamps-xe3/ros2_ws/install/two_camera/share/two_camera/package.sh'
[3.265s] INFO:colcon.colcon_core.shell:Creating package script '/home/lamps-xe3/ros2_ws/install/two_camera/share/two_camera/package.bash'
[3.267s] INFO:colcon.colcon_core.shell:Creating package script '/home/lamps-xe3/ros2_ws/install/two_camera/share/two_camera/package.zsh'
[3.269s] Level 1:colcon.colcon_core.environment:create_file_with_runtime_dependencies(/home/lamps-xe3/ros2_ws/install/two_camera/share/colcon-core/packages/two_camera)
[3.436s] Level 1:colcon.colcon_core.environment:create_environment_scripts_only(two_camera)
[3.437s] Level 1:colcon.colcon_core.environment:checking '/home/lamps-xe3/ros2_ws/install/two_camera' for CMake module files
[3.440s] Level 1:colcon.colcon_core.environment:checking '/home/lamps-xe3/ros2_ws/install/two_camera' for CMake config files
[3.442s] Level 1:colcon.colcon_core.shell:create_environment_hook('two_camera', 'cmake_prefix_path')
[3.443s] INFO:colcon.colcon_core.shell:Creating environment hook '/home/lamps-xe3/ros2_ws/install/two_camera/share/two_camera/hook/cmake_prefix_path.ps1'
[3.444s] INFO:colcon.colcon_core.shell:Creating environment descriptor '/home/lamps-xe3/ros2_ws/install/two_camera/share/two_camera/hook/cmake_prefix_path.dsv'
[3.446s] INFO:colcon.colcon_core.shell:Creating environment hook '/home/lamps-xe3/ros2_ws/install/two_camera/share/two_camera/hook/cmake_prefix_path.sh'
[3.449s] Level 1:colcon.colcon_core.environment:checking '/home/lamps-xe3/ros2_ws/install/two_camera/lib'
[3.449s] Level 1:colcon.colcon_core.environment:checking '/home/lamps-xe3/ros2_ws/install/two_camera/bin'
[3.450s] Level 1:colcon.colcon_core.environment:checking '/home/lamps-xe3/ros2_ws/install/two_camera/lib/pkgconfig/two_camera.pc'
[3.451s] Level 1:colcon.colcon_core.environment:checking '/home/lamps-xe3/ros2_ws/install/two_camera/lib/python3.10/site-packages'
[3.452s] Level 1:colcon.colcon_core.environment:checking '/home/lamps-xe3/ros2_ws/install/two_camera/bin'
[3.453s] INFO:colcon.colcon_core.shell:Creating package script '/home/lamps-xe3/ros2_ws/install/two_camera/share/two_camera/package.ps1'
[3.455s] INFO:colcon.colcon_core.shell:Creating package descriptor '/home/lamps-xe3/ros2_ws/install/two_camera/share/two_camera/package.dsv'
[3.458s] INFO:colcon.colcon_core.shell:Creating package script '/home/lamps-xe3/ros2_ws/install/two_camera/share/two_camera/package.sh'
[3.460s] INFO:colcon.colcon_core.shell:Creating package script '/home/lamps-xe3/ros2_ws/install/two_camera/share/two_camera/package.bash'
[3.462s] INFO:colcon.colcon_core.shell:Creating package script '/home/lamps-xe3/ros2_ws/install/two_camera/share/two_camera/package.zsh'
[3.464s] Level 1:colcon.colcon_core.environment:create_file_with_runtime_dependencies(/home/lamps-xe3/ros2_ws/install/two_camera/share/colcon-core/packages/two_camera)
[3.465s] DEBUG:colcon.colcon_parallel_executor.executor.parallel:closing loop
[3.466s] DEBUG:colcon.colcon_parallel_executor.executor.parallel:loop closed
[3.466s] DEBUG:colcon.colcon_parallel_executor.executor.parallel:run_until_complete finished with '0'
[3.467s] DEBUG:colcon.colcon_core.event_reactor:joining thread
[3.488s] INFO:colcon.colcon_core.plugin_system:Skipping extension 'colcon_notification.desktop_notification.terminal_notifier': Not used on non-Darwin systems
[3.488s] INFO:colcon.colcon_core.plugin_system:Skipping extension 'colcon_notification.desktop_notification.win32': Not used on non-Windows systems
[3.489s] INFO:colcon.colcon_notification.desktop_notification:Sending desktop notification using 'notify2'
[3.540s] DEBUG:colcon.colcon_core.event_reactor:joined thread
[3.541s] INFO:colcon.colcon_core.shell:Creating prefix script '/home/lamps-xe3/ros2_ws/install/local_setup.ps1'
[3.545s] INFO:colcon.colcon_core.shell:Creating prefix util module '/home/lamps-xe3/ros2_ws/install/_local_setup_util_ps1.py'
[3.551s] INFO:colcon.colcon_core.shell:Creating prefix chain script '/home/lamps-xe3/ros2_ws/install/setup.ps1'
[3.556s] INFO:colcon.colcon_core.shell:Creating prefix script '/home/lamps-xe3/ros2_ws/install/local_setup.sh'
[3.558s] INFO:colcon.colcon_core.shell:Creating prefix util module '/home/lamps-xe3/ros2_ws/install/_local_setup_util_sh.py'
[3.560s] INFO:colcon.colcon_core.shell:Creating prefix chain script '/home/lamps-xe3/ros2_ws/install/setup.sh'
[3.565s] INFO:colcon.colcon_core.shell:Creating prefix script '/home/lamps-xe3/ros2_ws/install/local_setup.bash'
[3.567s] INFO:colcon.colcon_core.shell:Creating prefix chain script '/home/lamps-xe3/ros2_ws/install/setup.bash'
[3.571s] INFO:colcon.colcon_core.shell:Creating prefix script '/home/lamps-xe3/ros2_ws/install/local_setup.zsh'
[3.574s] INFO:colcon.colcon_core.shell:Creating prefix chain script '/home/lamps-xe3/ros2_ws/install/setup.zsh'
